mode: set
IAAS/internal/models/account.go:27.65,36.2 1 1
IAAS/internal/models/account.go:38.36,43.2 1 0
IAAS/internal/models/account.go:45.40,47.16 2 0
IAAS/internal/models/account.go:51.2,52.12 2 0
IAAS/internal/models/account.go:47.16,49.3 1 0
IAAS/internal/models/account.go:55.58,57.2 1 0
IAAS/internal/models/account.go:59.67,61.16 2 0
IAAS/internal/models/account.go:65.2,65.18 1 0
IAAS/internal/models/account.go:69.2,70.65 2 0
IAAS/internal/models/account.go:74.2,74.39 1 0
IAAS/internal/models/account.go:78.2,78.12 1 0
IAAS/internal/models/account.go:61.16,63.3 1 0
IAAS/internal/models/account.go:65.18,67.3 1 0
IAAS/internal/models/account.go:70.65,72.3 1 0
IAAS/internal/models/account.go:74.39,76.3 1 0
IAAS/internal/models/account.go:81.62,82.73 1 0
IAAS/internal/models/account.go:82.73,83.58 1 0
IAAS/internal/models/account.go:87.3,87.29 1 0
IAAS/internal/models/account.go:83.58,85.4 1 0
IAAS/internal/models/account.go:91.46,93.16 2 0
IAAS/internal/models/account.go:97.2,97.23 1 0
IAAS/internal/models/account.go:93.16,95.3 1 0
IAAS/internal/models/testing.go:5.41,11.2 1 0
IAAS/internal/models/testing.go:13.39,19.2 1 0
IAAS/internal/models/testing.go:21.44,23.2 1 0
IAAS/internal/models/testing.go:25.41,31.2 1 0
IAAS/internal/models/validation.go:5.48,6.39 1 0
IAAS/internal/models/validation.go:6.39,7.11 1 0
IAAS/internal/models/validation.go:10.3,10.13 1 0
IAAS/internal/models/validation.go:7.11,9.4 1 0
IAAS/internal/store/postgres/accountRepository.go:16.88,33.16 4 1
IAAS/internal/store/postgres/accountRepository.go:36.2,38.17 2 1
IAAS/internal/store/postgres/accountRepository.go:46.2,46.12 1 1
IAAS/internal/store/postgres/accountRepository.go:33.16,35.3 1 0
IAAS/internal/store/postgres/accountRepository.go:38.17,40.17 2 1
IAAS/internal/store/postgres/accountRepository.go:43.3,43.22 1 1
IAAS/internal/store/postgres/accountRepository.go:40.17,42.4 1 0
IAAS/internal/store/postgres/accountRepository.go:49.71,53.16 3 1
IAAS/internal/store/postgres/accountRepository.go:56.2,58.12 2 1
IAAS/internal/store/postgres/accountRepository.go:53.16,55.3 1 0
IAAS/internal/store/postgres/accountRepository.go:61.82,63.2 1 0
IAAS/internal/store/postgres/accountRepository.go:65.101,69.16 3 1
IAAS/internal/store/postgres/accountRepository.go:72.2,74.18 2 1
IAAS/internal/store/postgres/accountRepository.go:78.2,78.37 1 1
IAAS/internal/store/postgres/accountRepository.go:69.16,71.3 1 0
IAAS/internal/store/postgres/accountRepository.go:74.18,76.3 1 1
IAAS/internal/store/postgres/accountRepository.go:81.92,85.16 3 1
IAAS/internal/store/postgres/accountRepository.go:88.2,90.18 2 1
IAAS/internal/store/postgres/accountRepository.go:94.2,94.37 1 1
IAAS/internal/store/postgres/accountRepository.go:85.16,87.3 1 0
IAAS/internal/store/postgres/accountRepository.go:90.18,92.3 1 1
IAAS/internal/store/postgres/accountRepository.go:97.84,100.50 2 1
IAAS/internal/store/postgres/accountRepository.go:104.2,104.50 1 1
IAAS/internal/store/postgres/accountRepository.go:108.2,108.12 1 1
IAAS/internal/store/postgres/accountRepository.go:100.50,102.3 1 0
IAAS/internal/store/postgres/accountRepository.go:104.50,106.3 1 0
IAAS/internal/store/postgres/accountRepository.go:111.84,115.16 3 1
IAAS/internal/store/postgres/accountRepository.go:118.2,122.18 3 1
IAAS/internal/store/postgres/accountRepository.go:130.2,130.24 1 1
IAAS/internal/store/postgres/accountRepository.go:134.2,134.22 1 1
IAAS/internal/store/postgres/accountRepository.go:115.16,117.3 1 0
IAAS/internal/store/postgres/accountRepository.go:122.18,124.17 2 1
IAAS/internal/store/postgres/accountRepository.go:127.3,127.39 1 1
IAAS/internal/store/postgres/accountRepository.go:124.17,126.4 1 0
IAAS/internal/store/postgres/accountRepository.go:130.24,132.3 1 1
IAAS/internal/store/postgres/accountRepository.go:137.63,147.38 2 1
IAAS/internal/store/postgres/accountRepository.go:151.2,151.21 1 1
IAAS/internal/store/postgres/accountRepository.go:147.38,149.3 1 0
IAAS/internal/store/postgres/accountRepository.go:154.108,167.16 4 0
IAAS/internal/store/postgres/accountRepository.go:170.2,172.12 2 0
IAAS/internal/store/postgres/accountRepository.go:167.16,169.3 1 0
IAAS/internal/store/postgres/accountRepository.go:175.75,192.2 4 1
IAAS/internal/store/postgres/accountRepository.go:194.91,198.16 3 1
IAAS/internal/store/postgres/accountRepository.go:202.2,204.73 2 1
IAAS/internal/store/postgres/accountRepository.go:213.2,213.41 1 1
IAAS/internal/store/postgres/accountRepository.go:217.2,217.45 1 1
IAAS/internal/store/postgres/accountRepository.go:221.2,223.61 2 1
IAAS/internal/store/postgres/accountRepository.go:227.2,227.12 1 1
IAAS/internal/store/postgres/accountRepository.go:198.16,200.3 1 0
IAAS/internal/store/postgres/accountRepository.go:204.73,211.3 2 0
IAAS/internal/store/postgres/accountRepository.go:213.41,215.3 1 0
IAAS/internal/store/postgres/accountRepository.go:217.45,219.3 1 0
IAAS/internal/store/postgres/accountRepository.go:223.61,225.3 1 0
IAAS/internal/store/postgres/accountRepository.go:230.79,238.16 4 1
IAAS/internal/store/postgres/accountRepository.go:238.16,242.3 1 1
IAAS/internal/store/postgres/clusterRepository.go:15.92,19.16 3 0
IAAS/internal/store/postgres/clusterRepository.go:22.2,24.18 2 0
IAAS/internal/store/postgres/clusterRepository.go:28.2,28.37 1 0
IAAS/internal/store/postgres/clusterRepository.go:19.16,21.3 1 0
IAAS/internal/store/postgres/clusterRepository.go:24.18,26.3 1 0
IAAS/internal/store/postgres/clusterRepository.go:31.107,35.16 3 1
IAAS/internal/store/postgres/clusterRepository.go:38.2,40.18 2 1
IAAS/internal/store/postgres/clusterRepository.go:44.2,44.37 1 1
IAAS/internal/store/postgres/clusterRepository.go:35.16,37.3 1 0
IAAS/internal/store/postgres/clusterRepository.go:40.18,42.3 1 0
IAAS/internal/store/postgres/clusterRepository.go:47.88,61.16 4 1
IAAS/internal/store/postgres/clusterRepository.go:64.2,66.17 2 1
IAAS/internal/store/postgres/clusterRepository.go:74.2,74.12 1 1
IAAS/internal/store/postgres/clusterRepository.go:61.16,63.3 1 0
IAAS/internal/store/postgres/clusterRepository.go:66.17,68.17 2 1
IAAS/internal/store/postgres/clusterRepository.go:71.3,71.23 1 1
IAAS/internal/store/postgres/clusterRepository.go:68.17,70.4 1 0
IAAS/internal/store/postgres/clusterRepository.go:77.71,81.16 3 0
IAAS/internal/store/postgres/clusterRepository.go:84.2,86.12 2 0
IAAS/internal/store/postgres/clusterRepository.go:81.16,83.3 1 0
IAAS/internal/store/postgres/clusterRepository.go:89.88,91.2 1 0
IAAS/internal/store/postgres/clusterRepository.go:93.89,96.50 2 1
IAAS/internal/store/postgres/clusterRepository.go:100.2,100.35 1 1
IAAS/internal/store/postgres/clusterRepository.go:106.2,106.12 1 1
IAAS/internal/store/postgres/clusterRepository.go:96.50,98.3 1 0
IAAS/internal/store/postgres/clusterRepository.go:100.35,101.52 1 1
IAAS/internal/store/postgres/clusterRepository.go:101.52,103.4 1 0
IAAS/internal/store/postgres/clusterRepository.go:109.84,113.16 3 0
IAAS/internal/store/postgres/clusterRepository.go:116.2,120.18 3 0
IAAS/internal/store/postgres/clusterRepository.go:128.2,128.24 1 0
IAAS/internal/store/postgres/clusterRepository.go:132.2,132.22 1 0
IAAS/internal/store/postgres/clusterRepository.go:113.16,115.3 1 0
IAAS/internal/store/postgres/clusterRepository.go:120.18,122.17 2 0
IAAS/internal/store/postgres/clusterRepository.go:125.3,125.39 1 0
IAAS/internal/store/postgres/clusterRepository.go:122.17,124.4 1 0
IAAS/internal/store/postgres/clusterRepository.go:128.24,130.3 1 0
IAAS/internal/store/postgres/clusterRepository.go:135.63,145.49 4 1
IAAS/internal/store/postgres/clusterRepository.go:149.2,149.21 1 1
IAAS/internal/store/postgres/clusterRepository.go:145.49,147.3 1 0
IAAS/internal/store/postgres/clusterRepository.go:152.75,166.2 4 1
IAAS/internal/store/postgres/clusterRepository.go:168.92,172.16 3 1
IAAS/internal/store/postgres/clusterRepository.go:176.2,176.83 1 1
IAAS/internal/store/postgres/clusterRepository.go:185.2,185.48 1 1
IAAS/internal/store/postgres/clusterRepository.go:189.2,189.52 1 1
IAAS/internal/store/postgres/clusterRepository.go:193.2,195.63 2 1
IAAS/internal/store/postgres/clusterRepository.go:199.2,199.12 1 1
IAAS/internal/store/postgres/clusterRepository.go:172.16,174.3 1 0
IAAS/internal/store/postgres/clusterRepository.go:176.83,183.3 2 0
IAAS/internal/store/postgres/clusterRepository.go:185.48,187.3 1 0
IAAS/internal/store/postgres/clusterRepository.go:189.52,191.3 1 0
IAAS/internal/store/postgres/clusterRepository.go:195.63,197.3 1 0
IAAS/internal/store/postgres/clusterRepository.go:202.79,210.16 4 1
IAAS/internal/store/postgres/clusterRepository.go:210.16,214.3 1 1
IAAS/internal/store/postgres/secretRepository.go:15.94,19.16 3 1
IAAS/internal/store/postgres/secretRepository.go:22.2,24.18 2 1
IAAS/internal/store/postgres/secretRepository.go:28.2,28.37 1 1
IAAS/internal/store/postgres/secretRepository.go:19.16,21.3 1 0
IAAS/internal/store/postgres/secretRepository.go:24.18,26.3 1 1
IAAS/internal/store/postgres/secretRepository.go:31.83,34.49 2 1
IAAS/internal/store/postgres/secretRepository.go:37.2,37.51 1 1
IAAS/internal/store/postgres/secretRepository.go:40.2,40.12 1 1
IAAS/internal/store/postgres/secretRepository.go:34.49,36.3 1 0
IAAS/internal/store/postgres/secretRepository.go:37.51,39.3 1 0
IAAS/internal/store/postgres/secretRepository.go:43.73,57.2 4 1
IAAS/internal/store/postgres/secretRepository.go:59.61,67.16 2 1
IAAS/internal/store/postgres/secretRepository.go:70.2,70.20 1 1
IAAS/internal/store/postgres/secretRepository.go:67.16,69.3 1 0
IAAS/internal/store/postgres/secretRepository.go:73.90,77.16 3 1
IAAS/internal/store/postgres/secretRepository.go:85.2,100.16 5 1
IAAS/internal/store/postgres/secretRepository.go:104.2,104.12 1 1
IAAS/internal/store/postgres/secretRepository.go:77.16,83.3 2 0
IAAS/internal/store/postgres/secretRepository.go:100.16,102.3 1 0
IAAS/internal/store/postgres/secretRepository.go:107.78,115.16 4 1
IAAS/internal/store/postgres/secretRepository.go:115.16,119.3 1 1
IAAS/internal/store/postgres/store.go:23.76,25.16 2 1
IAAS/internal/store/postgres/store.go:28.2,36.61 4 1
IAAS/internal/store/postgres/store.go:39.2,39.14 1 1
IAAS/internal/store/postgres/store.go:25.16,27.3 1 0
IAAS/internal/store/postgres/store.go:36.61,38.3 1 0
IAAS/internal/store/postgres/store.go:42.51,43.32 1 1
IAAS/internal/store/postgres/store.go:47.2,51.28 2 1
IAAS/internal/store/postgres/store.go:43.32,45.3 1 1
IAAS/internal/store/postgres/store.go:54.49,55.31 1 1
IAAS/internal/store/postgres/store.go:59.2,63.27 2 1
IAAS/internal/store/postgres/store.go:55.31,57.3 1 1
IAAS/internal/store/postgres/store.go:66.51,67.32 1 1
IAAS/internal/store/postgres/store.go:71.2,75.28 2 1
IAAS/internal/store/postgres/store.go:67.32,69.3 1 1
IAAS/internal/store/postgres/store.go:78.95,79.64 1 1
IAAS/internal/store/postgres/store.go:83.2,94.60 4 1
IAAS/internal/store/postgres/store.go:97.2,99.67 2 1
IAAS/internal/store/postgres/store.go:102.2,104.12 2 1
IAAS/internal/store/postgres/store.go:79.64,81.3 1 0
IAAS/internal/store/postgres/store.go:94.60,96.3 1 0
IAAS/internal/store/postgres/store.go:99.67,101.3 1 0
IAAS/internal/store/postgres/testing.go:10.74,14.16 3 1
IAAS/internal/store/postgres/testing.go:18.2,18.34 1 1
IAAS/internal/store/postgres/testing.go:22.2,22.36 1 1
IAAS/internal/store/postgres/testing.go:14.16,16.3 1 0
IAAS/internal/store/postgres/testing.go:18.34,20.3 1 0
IAAS/internal/store/postgres/testing.go:22.36,23.22 1 1
IAAS/internal/store/postgres/testing.go:27.3,27.13 1 1
IAAS/internal/store/postgres/testing.go:23.22,25.4 1 1
